Log file open, 11/23/17 18:36:51
LogInit:Display: Running engine for game: Projeto_CS
LogPlatformFile: Not using cached read wrapper
LogInit:Display: RandInit(-1593852239) SRandInit(-1593852239).
LogTaskGraph: Started task graph with 5 named threads and 7 total threads with 1 sets of task threads.
LogStats: Stats thread started at 5.077955
LogInit: Using libcurl 7.47.1
LogInit:  - built for x86_64-pc-win32
LogInit:  - supports SSL with OpenSSL/1.0.2g
LogInit:  - supports HTTP deflate (compression) using libz 1.2.8
LogInit:  - other features:
LogInit:      CURL_VERSION_SSL
LogInit:      CURL_VERSION_LIBZ
LogInit:      CURL_VERSION_IPV6
LogInit:      CURL_VERSION_ASYNCHDNS
LogInit:      CURL_VERSION_LARGEFILE
LogInit:      CURL_VERSION_IDN
LogInit:  CurlRequestOptions (configurable via config and command line):
LogInit:  - bVerifyPeer = false  - Libcurl will NOT verify peer certificate
LogInit:  - bUseHttpProxy = false  - Libcurl will NOT use HTTP proxy
LogInit:  - bDontReuseConnections = false  - Libcurl will reuse connections
LogInit:  - CertBundlePath = nullptr  - Libcurl will use whatever was configured at build time.
LogInit: Build: ++UE4+Release-4.16-CL-3561208
LogInit: Engine Version: 4.16.3-3561208+++UE4+Release-4.16
LogInit: Compatible Engine Version: 4.16.0-3452394+++UE4+Release-4.16
LogInit: Net CL: 3452394
LogDevObjectVersion: Number of dev versions registered: 16
LogDevObjectVersion:   Dev-Blueprints (B0D832E4-1F89-4F0D-ACCF-7EB736FD4AA2): 9
LogDevObjectVersion:   Dev-Build (E1C64328-A22C-4D53-A36C-8E866417BD8C): 0
LogDevObjectVersion:   Dev-Core (375EC13C-06E4-48FB-B500-84F0262A717E): 2
LogDevObjectVersion:   Dev-Editor (E4B068ED-F494-42E9-A231-DA0B2E46BB41): 17
LogDevObjectVersion:   Dev-Framework (CFFC743F-43B0-4480-9391-14DF171D2073): 23
LogDevObjectVersion:   Dev-Mobile (B02B49B5-BB20-44E9-A304-32B752E40360): 0
LogDevObjectVersion:   Dev-Networking (A4E4105C-59A1-49B5-A7C5-40C4547EDFEE): 0
LogDevObjectVersion:   Dev-Online (39C831C9-5AE6-47DC-9A44-9C173E1C8E7C): 0
LogDevObjectVersion:   Dev-Physics (78F01B33-EBEA-4F98-B9B4-84EACCB95AA2): 0
LogDevObjectVersion:   Dev-Platform (6631380F-2D4D-43E0-8009-CF276956A95A): 0
LogDevObjectVersion:   Dev-Rendering (12F88B9F-8875-4AFC-A67C-D90C383ABD29): 15
LogDevObjectVersion:   Dev-Sequencer (7B5AE74C-D270-4C10-A958-57980B212A5A): 4
LogDevObjectVersion:   Dev-VR (D7296918-1DD6-4BDD-9DE2-64A83CC13884): 0
LogDevObjectVersion:   Dev-LoadTimes (C2A15278-BFE7-4AFE-6C17-90FF531DF755): 1
LogDevObjectVersion:   Private-Geometry (6EACA3D4-40EC-4CC1-B786-8BED09428FC5): 1
LogDevObjectVersion:   Dev-AnimPhys (29E575DD-E0A3-4627-9D10-D276232CDCEA): 3
LogInit: Compiled (64-bit): Jul 28 2017 11:49:47
LogInit: Compiled with Visual C++: 19.00.24215.01
LogInit: Build Configuration: Development
LogInit: Branch Name: ++UE4+Release-4.16
LogInit: Command line:  
LogInit: Base directory: C:/Program Files/Epic Games/UE_4.16/Engine/Binaries/Win64/
LogInit: Installed Engine Build: 1
LogInit: Presizing for max 8388607 objects, including 0 objects not considered by GC, pre-allocating 0 bytes for permanent pool.
LogInit: Object subsystem initialized
[2017.11.23-20.36.53:850][  0]LogInit: Selected Device Profile: [Windows]
[2017.11.23-20.36.53:851][  0]LogInit: Applying CVar settings loaded from the selected device profile: [Windows]
[2017.11.23-20.36.54:287][  0]LogInit: Computer: GAMES-03
[2017.11.23-20.36.54:287][  0]LogInit: User: Aluno
[2017.11.23-20.36.54:287][  0]LogInit: CPU Page size=4096, Cores=3
[2017.11.23-20.36.54:287][  0]LogInit: High frequency timer resolution =3.433384 MHz
[2017.11.23-20.36.54:312][  0]LogMemory: Memory total: Physical=4.0GB (4GB approx)
[2017.11.23-20.36.54:312][  0]LogMemory: Platform Memory Stats for Windows
[2017.11.23-20.36.54:312][  0]LogMemory: Process Physical Memory: 272.83 MB used, 272.83 MB peak
[2017.11.23-20.36.54:312][  0]LogMemory: Process Virtual Memory: 266.43 MB used, 266.43 MB peak
[2017.11.23-20.36.54:312][  0]LogMemory: Physical Memory: 3472.39 MB used,  605.72 MB free, 4078.11 MB total
[2017.11.23-20.36.54:312][  0]LogMemory: Virtual Memory: 643.34 MB used,  605.72 MB free, 134217728.00 MB total
[2017.11.23-20.36.59:994][  0]LogInit: Overriding language with editor language configuration option (en).
[2017.11.23-20.36.59:994][  0]LogInit: Overriding locale with editor locale configuration option (en).
[2017.11.23-20.37.11:456][  0]LogD3D11RHI: D3D11 adapters:
[2017.11.23-20.37.11:637][  0]LogD3D11RHI:    0. 'NVIDIA GeForce GTX 650' (Feature Level 11_0)
[2017.11.23-20.37.11:637][  0]LogD3D11RHI:       995/0/2039 MB DedicatedVideo/DedicatedSystem/SharedSystem, Outputs:1, VendorId:0x10de
[2017.11.23-20.37.11:641][  0]LogD3D11RHI:    1. 'Microsoft Basic Render Driver' (Feature Level 11_0)
[2017.11.23-20.37.11:641][  0]LogD3D11RHI:       0/0/2039 MB DedicatedVideo/DedicatedSystem/SharedSystem, Outputs:0, VendorId:0x1414
[2017.11.23-20.37.11:641][  0]LogD3D11RHI: Chosen D3D11 Adapter: 0
[2017.11.23-20.37.11:691][  0]LogD3D11RHI: Creating new Direct3DDevice
[2017.11.23-20.37.11:692][  0]LogD3D11RHI:     GPU DeviceId: 0xfc6 (for the marketing name, search the web for "GPU Device Id")
[2017.11.23-20.37.11:692][  0]LogWindows: EnumDisplayDevices:
[2017.11.23-20.37.11:692][  0]LogWindows:    0. 'NVIDIA GeForce GTX 650' (P:1 D:1)
[2017.11.23-20.37.11:693][  0]LogWindows:    1. 'NVIDIA GeForce GTX 650' (P:0 D:0)
[2017.11.23-20.37.11:693][  0]LogWindows:    2. 'NVIDIA GeForce GTX 650' (P:0 D:0)
[2017.11.23-20.37.11:693][  0]LogWindows: DebugString: FoundDriverCount:3 
[2017.11.23-20.37.11:693][  0]LogD3D11RHI:     Adapter Name: NVIDIA GeForce GTX 650
[2017.11.23-20.37.11:693][  0]LogD3D11RHI:   Driver Version: 388.13 (internal:23.21.13.8813, unified:388.13)
[2017.11.23-20.37.11:693][  0]LogD3D11RHI:      Driver Date: 10-27-2017
[2017.11.23-20.37.11:694][  0]LogRHI: Texture pool is 696 MB (70% of 995 MB)
[2017.11.23-20.37.11:814][  0]LogD3D11RHI: Async texture creation enabled
[2017.11.23-20.37.12:402][  0]LogD3D11RHI: GPU Timing Frequency: 1000.000000 (Debug: 2 4)
[2017.11.23-20.37.12:562][  0]LogShaderCompilers: Guid format shader working directory is -20 characters bigger than the processId version (../../../../../../Users/Aluno/Documents/Unreal Projects/Projeto_CS/Intermediate/Shaders/WorkingDirectory/6940/).
[2017.11.23-20.37.12:563][  0]LogShaderCompilers: Cleaned the shader compiler working directory 'C:/Users/Aluno/AppData/Local/Temp/UnrealShaderWorkingDir/D676DAD94B85B8CD4CDAAC9F7EEFAD3A/'.
[2017.11.23-20.37.12:584][  0]LogShaderCompilers:Display: Using Local Shader Compiler.
[2017.11.23-20.37.35:869][  0]LogTemp:Display: Loaded TP AllDesktopTargetPlatform
[2017.11.23-20.37.36:006][  0]LogTemp:Display: Loaded TP MacClientTargetPlatform
[2017.11.23-20.37.36:129][  0]LogTemp:Display: Loaded TP MacNoEditorTargetPlatform
[2017.11.23-20.37.36:234][  0]LogTemp:Display: Loaded TP MacServerTargetPlatform
[2017.11.23-20.37.36:515][  0]LogTemp:Display: Loaded TP MacTargetPlatform
[2017.11.23-20.37.36:636][  0]LogTemp:Display: Loaded TP WindowsClientTargetPlatform
[2017.11.23-20.37.36:743][  0]LogTemp:Display: Loaded TP WindowsNoEditorTargetPlatform
[2017.11.23-20.37.36:870][  0]LogTemp:Display: Loaded TP WindowsServerTargetPlatform
[2017.11.23-20.37.36:996][  0]LogTemp:Display: Loaded TP WindowsTargetPlatform
[2017.11.23-20.37.37:199][  0]LogTemp:Display: Loaded TP AndroidTargetPlatform
[2017.11.23-20.37.37:383][  0]LogTemp:Display: Loaded TP Android_ASTCTargetPlatform
[2017.11.23-20.37.37:479][  0]LogTemp:Display: Loaded TP Android_ATCTargetPlatform
[2017.11.23-20.37.37:587][  0]LogTemp:Display: Loaded TP Android_DXTTargetPlatform
[2017.11.23-20.37.37:701][  0]LogTemp:Display: Loaded TP Android_ETC1TargetPlatform
[2017.11.23-20.37.37:805][  0]LogTemp:Display: Loaded TP Android_ETC2TargetPlatform
[2017.11.23-20.37.38:036][  0]LogTemp:Display: Loaded TP Android_MultiTargetPlatform
[2017.11.23-20.37.38:036][  0]LogTemp:Display: Loaded TP Android_PVRTCTargetPlatform
[2017.11.23-20.37.38:148][  0]LogTemp:Display: Loaded TP HTML5TargetPlatform
[2017.11.23-20.37.38:404][  0]LogTemp:Display: Loaded TP IOSTargetPlatform
[2017.11.23-20.37.38:460][  0]LogTemp:Display: Loaded TP TVOSTargetPlatform
[2017.11.23-20.37.38:576][  0]LogTemp:Display: Loaded TP LinuxClientTargetPlatform
[2017.11.23-20.37.38:713][  0]LogTemp:Display: Loaded TP LinuxNoEditorTargetPlatform
[2017.11.23-20.37.38:892][  0]LogTemp:Display: Loaded TP LinuxServerTargetPlatform
[2017.11.23-20.37.39:056][  0]LogTemp:Display: Loaded TP LinuxTargetPlatform
[2017.11.23-20.37.39:056][  0]LogTargetPlatformManager:Display: Building Assets For Windows
[2017.11.23-20.37.41:558][  0]LogDerivedDataCache:Display: Max Cache Size: 512 MB
[2017.11.23-20.37.42:759][  0]LogDerivedDataCache: Loaded boot cache 1.19s 90MB C:/Users/Aluno/AppData/Local/UnrealEngine/4.16/DerivedDataCache/Boot.ddc.
[2017.11.23-20.37.42:759][  0]LogDerivedDataCache:Display: Loaded Boot cache: C:/Users/Aluno/AppData/Local/UnrealEngine/4.16/DerivedDataCache/Boot.ddc
[2017.11.23-20.37.42:759][  0]LogDerivedDataCache: FDerivedDataBackendGraph:  Pak pak cache file ../../../../../../Users/Aluno/Documents/Unreal Projects/Projeto_CS/DerivedDataCache/DDC.ddp not found, will not use a pak cache.
[2017.11.23-20.37.42:759][  0]LogDerivedDataCache: Unable to find inner node Pak for hierarchical cache Hierarchy.
[2017.11.23-20.37.42:759][  0]LogDerivedDataCache: FDerivedDataBackendGraph:  CompressedPak pak cache file ../../../../../../Users/Aluno/Documents/Unreal Projects/Projeto_CS/DerivedDataCache/Compressed.ddp not found, will not use a pak cache.
[2017.11.23-20.37.42:759][  0]LogDerivedDataCache: Unable to find inner node CompressedPak for hierarchical cache Hierarchy.
[2017.11.23-20.37.42:957][  0]LogDerivedDataCache:Display: Pak cache opened for reading ../../../Engine/DerivedDataCache/Compressed.ddp.
[2017.11.23-20.37.42:997][  0]LogDerivedDataCache: Using Local data cache path C:/Users/Aluno/AppData/Local/UnrealEngine/Common/DerivedDataCache: Writable
[2017.11.23-20.37.43:168][  0]LogMaterial: Verifying Global Shaders for PCD3D_SM5
[2017.11.23-20.37.43:268][  0]LogSlate: Using Freetype 2.6.0
[2017.11.23-20.37.43:392][  0]LogSlate: SlateFontCache - WITH_FREETYPE: 1, WITH_HARFBUZZ: 1
[2017.11.23-20.37.43:392][  0]LogSlate: SlateFontCache - WITH_FREETYPE: 1, WITH_HARFBUZZ: 1
[2017.11.23-20.37.53:314][  0]LogInit: Selected Device Profile: [Windows]
[2017.11.23-20.37.55:452][  0]LogContentStreaming: Texture pool size is 0.00 MB
[2017.11.23-20.37.57:159][  0]LogMeshUtilities: Using QuadricMeshReduction for automatic static mesh reduction
[2017.11.23-20.37.57:460][  0]LogSimplygon: Simplygon DLL not present - disabling.
[2017.11.23-20.37.57:648][  0]LogMeshUtilities: Using SimplygonSwarm for distributed automatic mesh merging
[2017.11.23-20.37.57:648][  0]LogMeshUtilities: No automatic skeletal mesh reduction module available
[2017.11.23-20.37.57:648][  0]LogMeshUtilities: No automatic mesh merging module available
[2017.11.23-20.38.11:021][  0]LogNetVersion: Projeto_CS , NetCL: 3452394, EngineNetVer: 2, GameNetVer: 0 (Checksum: 1392401147)
[2017.11.23-20.38.11:640][  0]LogAssetRegistry: FAssetRegistry took 0.0820 seconds to start up
[2017.11.23-20.38.12:622][  0]LogPackageLocalizationCache: Processed 4 localized package path(s) for 1 prioritized culture(s) in 0.732421 seconds
[2017.11.23-20.38.12:701][  0]LogUObjectArray: 34194 objects as part of root set at end of initial load.
[2017.11.23-20.38.12:701][  0]LogUObjectAllocator: 7260424 out of 0 bytes used by permanent object pool.
[2017.11.23-20.38.12:729][  0]LogUObjectArray: CloseDisregardForGC: 0/0 objects in disregard for GC pool
[2017.11.23-20.38.12:950][  0]LogInit: WinSock: version 1.1 (2.2), MaxSocks=32767, MaxUdp=65467
[2017.11.23-20.38.52:274][  0]LogTcpMessaging: Initializing TcpMessaging bridge
[2017.11.23-20.38.52:439][  0]LogUdpMessaging: Initializing bridge on interface 0.0.0.0:0 to multicast group 230.0.0.1:6666.
[2017.11.23-20.38.56:424][  0]LogMaterial: Uniform references updated for custom material expression Custom.
[2017.11.23-20.38.58:918][  0]SourceControl: Info Source control is disabled
[2017.11.23-20.39.00:814][  0]SourceControl: Info Source control is disabled
[2017.11.23-20.39.01:087][  0]SourceControl: Info Source control is disabled
[2017.11.23-20.39.01:371][  0]SourceControl: Info Source control is disabled
[2017.11.23-20.39.05:436][  0]LogAndroidPermission: UAndroidPermissionCallbackProxy::GetInstance
[2017.11.23-20.39.09:805][  0]LogEngine: Initializing Engine...
[2017.11.23-20.39.09:873][  0]LogHMD: Failed to initialize OpenVR with code 110
[2017.11.23-20.39.11:775][  0]LogStats: UGameplayTagsManager::ConstructGameplayTagTree: Construct from data asset -  0.000 s
[2017.11.23-20.39.11:789][  0]LogStats: UGameplayTagsManager::ConstructGameplayTagTree: GameplayTagTreeChangedEvent.Broadcast -  0.001 s
[2017.11.23-20.39.13:986][  0]LogAIModule: Creating AISystem for world Untitled
[2017.11.23-20.39.14:857][  0]LogInit: XAudio2 using 'Realtek Digital Output (Realtek High Definition Audio)' : 2 channels at 48 kHz using 16 bits per sample (channel mask 0x3)
[2017.11.23-20.39.15:034][  0]LogInit: FAudioDevice initialized.
[2017.11.23-20.39.15:187][  0]LogDerivedDataCache: Saved boot cache 0.14s 90MB C:/Users/Aluno/AppData/Local/UnrealEngine/4.16/DerivedDataCache/Boot.ddc.
[2017.11.23-20.39.15:248][  0]LogInit: Texture streaming: Enabled
[2017.11.23-20.39.15:620][  0]LogEngineSessionManager: EngineSessionManager initialized
[2017.11.23-20.39.18:344][  0]LogInit: Transaction tracking system initialized
[2017.11.23-20.39.19:751][  0]BlueprintLog: New page: Editor Load
[2017.11.23-20.39.24:162][  0]LocalizationService: Info Localization service is disabled
[2017.11.23-20.39.27:205][  0]LogConsoleResponse:Display: 
[2017.11.23-20.39.31:052][  0]LogCook:Display: Max memory allowance for cook 16384mb min free memory 0mb
[2017.11.23-20.39.31:068][  0]LogCook:Display: Mobile HDR setting 1
[2017.11.23-20.39.32:302][  0]LogFileCache: Scanning file cache for directory 'C:/Users/Aluno/Documents/Unreal Projects/Projeto_CS/Content/' took 0.37s
[2017.11.23-20.39.37:443][  0]SourceControl: Info Source control is disabled
[2017.11.23-20.39.37:494][  0]Cmd: MAP LOAD FILE="../../../../../../Users/Aluno/Documents/Unreal Projects/Projeto_CS/Content/ThirdPersonBP/Maps/ThirdPersonExampleMap.umap" TEMPLATE=0 SHOWPROGRESS=1 FEATURELEVEL=3
[2017.11.23-20.39.37:561][  0]LightingResults: New page: Lighting Build
[2017.11.23-20.39.38:076][  0]MapCheck: New page: Map Check
[2017.11.23-20.39.38:076][  0]LightingResults: New page: Lighting Build
[2017.11.23-20.39.47:164][  0]LogAIModule: Creating AISystem for world ThirdPersonExampleMap
[2017.11.23-20.39.49:109][  0]LogEditorServer: Finished looking for orphan Actors (0.010 secs)
[2017.11.23-20.39.49:530][  0]Cmd: MAP CHECKDEP NOCLEARLOG
[2017.11.23-20.39.49:711][  0]MapCheck: Info Map check complete: 0 Error(s), 0 Warning(s), took 171.774ms to complete.
[2017.11.23-20.39.49:712][  0]LogFileHelpers: Loading map 'ThirdPersonExampleMap' took 12.243
[2017.11.23-20.39.53:022][  0]LogCollectionManager: Loaded 0 collections in 0.002793 seconds
[2017.11.23-20.39.53:287][  0]LogFileCache: Scanning file cache for directory 'C:/Users/Aluno/Documents/Unreal Projects/Projeto_CS/Saved/Collections/' took 0.01s
[2017.11.23-20.39.53:287][  0]LogFileCache: Scanning file cache for directory 'C:/Users/Aluno/Documents/Unreal Projects/Projeto_CS/Content/Developers/Aluno/Collections/' took 0.01s
[2017.11.23-20.39.53:287][  0]LogFileCache: Scanning file cache for directory 'C:/Users/Aluno/Documents/Unreal Projects/Projeto_CS/Content/Collections/' took 0.01s
[2017.11.23-20.39.53:287][  0]LogCollectionManager: Rebuilt the GUID cache for 0 collections in 0.000005 seconds
[2017.11.23-20.39.53:333][  0]LogContentBrowser: Native class hierarchy populated in 0.0421 seconds. Added 2330 classes and 493 folders.
[2017.11.23-20.39.53:626][  0]LogContentBrowser: Native class hierarchy updated for 'WidgetCarousel' in 0.0007 seconds. Added 0 classes and 0 folders.
[2017.11.23-20.39.55:990][  0]LogContentBrowser: Native class hierarchy updated for 'AddContentDialog' in 0.0018 seconds. Added 0 classes and 0 folders.
[2017.11.23-20.39.56:830][  0]LogCrashTracker: Crashtracker disabled due to settings.
[2017.11.23-20.39.57:105][  0]LogSlate: Took 0.019122 seconds to synchronously load lazily loaded font '../../../Engine/Content/Slate/Fonts/Roboto-Regular.ttf' (155K)
[2017.11.23-20.39.57:143][  0]LogSlate: Took 0.020787 seconds to synchronously load lazily loaded font '../../../Engine/Content/Slate/Fonts/Roboto-Bold.ttf' (160K)
[2017.11.23-20.39.57:293][  0]LogSlate: Took 0.068215 seconds to synchronously load lazily loaded font '../../../Engine/Content/Editor/Slate/Fonts/FontAwesome.ttf' (139K)
[2017.11.23-20.39.58:388][  0]LogRenderer: Reallocating scene render targets to support 1208x924 NumSamples 1 (Frame:1).
[2017.11.23-20.40.00:288][  0]LogUObjectGlobals:Warning: Failed to find object 'Class None.'
[2017.11.23-20.40.00:497][  0]LogContentBrowser: Native class hierarchy updated for 'HierarchicalLODOutliner' in 0.0007 seconds. Added 1 classes and 2 folders.
[2017.11.23-20.40.00:498][  0]LogLoad: (Engine Initialization) Total time: 205.89 seconds
[2017.11.23-20.40.00:498][  0]LogLoad: (Engine Initialization) Total Blueprint compile time: 1.76 seconds
[2017.11.23-20.40.00:498][  0]LogExternalProfiler: No external profilers were discovered.  External profiling features will not be available.
[2017.11.23-20.40.00:970][  0]LogOcInput: OculusInput pre-init called
[2017.11.23-20.40.00:979][  0]LogHMD: Starting GearVRController plugin
[2017.11.23-20.40.01:535][  0]LogContentStreaming: Texture pool size now 600 MB
[2017.11.23-20.40.02:737][  3]LogAssetRegistry: Asset discovery search completed in 111.1209 seconds
[2017.11.23-20.40.02:946][  3]LogCollectionManager: Rebuilt the object cache for 0 collections in 0.000001 seconds (found 0 objects)
[2017.11.23-20.40.02:946][  3]LogCollectionManager: Fixed up redirectors for 0 collections in 0.014354 seconds (updated 0 objects)
[2017.11.23-20.40.28:028][513]LogSourceControl:Error: '../../../../../../Users/Aluno/Documents/Unreal Projects/Projeto_CS/' is not part of a Git repository
[2017.11.23-20.40.31:728][921]SourceControl:Error: Error fatal: Not a git repository: 'C:/Users/Aluno/Documents/Unreal Projects/Projeto_CS/.git'
[2017.11.23-20.40.31:749][921]SourceControl:Error: Error Failed to enable Git source control. You need to initialize the project as a Git repository first.
[2017.11.23-20.40.50:189][443]SourceControl:Error: Error fatal: Not a git repository: 'C:/Users/Aluno/Documents/Unreal Projects/Projeto_CS/.git'
[2017.11.23-20.40.50:189][443]SourceControl:Error: Error Failed to enable Git source control. You need to initialize the project as a Git repository first.
[2017.11.23-20.41.04:596][953]SourceControl: Info Source control is disabled
